2022-12-20 11:53:23.870  INFO 13448 --- [main] .d.c.e.SpringBootCrudExample2Application : Starting SpringBootCrudExample2Application on Devil-666 with PID 13448 (started by U S E R in C:\Users\U S E R\Downloads\Springboot-crud-Swagger-main\Springboot-crud-Swagger-main)
2022-12-20 11:53:23.875  INFO 13448 --- [main] .d.c.e.SpringBootCrudExample2Application : No active profile set, falling back to default profiles: default
2022-12-20 11:53:24.882  INFO 13448 --- [main] .s.d.r.c.RepositoryConfigurationDelegate : Bootstrapping Spring Data JPA repositories in DEFAULT mode.
2022-12-20 11:53:24.962  INFO 13448 --- [main] .s.d.r.c.RepositoryConfigurationDelegate : Finished Spring Data repository scanning in 62ms. Found 1 JPA repository interfaces.
2022-12-20 11:53:25.406  INFO 13448 --- [main] trationDelegate$BeanPostProcessorChecker : Bean 'org.springframework.transaction.annotation.ProxyTransactionManagementConfiguration' of type [org.springframework.transaction.annotation.ProxyTransactionManagementConfiguration] is not eligible for getting processed by all BeanPostProcessors (for example: not eligible for auto-proxying)
2022-12-20 11:53:25.718  INFO 13448 --- [main] o.s.b.w.embedded.tomcat.TomcatWebServer  : Tomcat initialized with port(s): 8080 (http)
2022-12-20 11:53:25.734  INFO 13448 --- [main] o.apache.catalina.core.StandardService   : Starting service [Tomcat]
2022-12-20 11:53:25.735  INFO 13448 --- [main] org.apache.catalina.core.StandardEngine  : Starting Servlet engine: [Apache Tomcat/9.0.30]
2022-12-20 11:53:25.893  INFO 13448 --- [main] o.a.c.c.C.[Tomcat].[localhost].[/]       : Initializing Spring embedded WebApplicationContext
2022-12-20 11:53:25.894  INFO 13448 --- [main] o.s.web.context.ContextLoader            : Root WebApplicationContext: initialization completed in 1957 ms
2022-12-20 11:53:26.076  INFO 13448 --- [main] o.hibernate.jpa.internal.util.LogHelper  : HHH000204: Processing PersistenceUnitInfo [name: default]
2022-12-20 11:53:26.152  INFO 13448 --- [main] org.hibernate.Version                    : HHH000412: Hibernate Core {5.4.10.Final}
2022-12-20 11:53:26.301  INFO 13448 --- [main] o.hibernate.annotations.common.Version   : HCANN000001: Hibernate Commons Annotations {5.1.0.Final}
2022-12-20 11:53:26.439  INFO 13448 --- [main] com.zaxxer.hikari.HikariDataSource       : HikariPool-1 - Starting...
2022-12-20 11:53:26.904  INFO 13448 --- [main] com.zaxxer.hikari.HikariDataSource       : HikariPool-1 - Start completed.
2022-12-20 11:53:26.925  INFO 13448 --- [main] org.hibernate.dialect.Dialect            : HHH000400: Using dialect: org.hibernate.dialect.MySQL5Dialect
2022-12-20 11:53:27.708  INFO 13448 --- [main] o.h.e.t.j.p.i.JtaPlatformInitiator       : HHH000490: Using JtaPlatform implementation: [org.hibernate.engine.transaction.jta.platform.internal.NoJtaPlatform]
2022-12-20 11:53:27.718  INFO 13448 --- [main] j.LocalContainerEntityManagerFactoryBean : Initialized JPA EntityManagerFactory for persistence unit 'default'
2022-12-20 11:53:28.345  WARN 13448 --- [main] JpaBaseConfiguration$JpaWebConfiguration : spring.jpa.open-in-view is enabled by default. Therefore, database queries may be performed during view rendering. Explicitly configure spring.jpa.open-in-view to disable this warning
2022-12-20 11:53:28.519  INFO 13448 --- [main] pertySourcedRequestMappingHandlerMapping : Mapped URL path [/v2/api-docs] onto method [springfox.documentation.swagger2.web.Swagger2Controller#getDocumentation(String, HttpServletRequest)]
2022-12-20 11:53:28.637  INFO 13448 --- [main] o.s.s.concurrent.ThreadPoolTaskExecutor  : Initializing ExecutorService 'applicationTaskExecutor'
2022-12-20 11:53:28.843  INFO 13448 --- [main] d.s.w.p.DocumentationPluginsBootstrapper : Context refreshed
2022-12-20 11:53:28.872  INFO 13448 --- [main] d.s.w.p.DocumentationPluginsBootstrapper : Found 1 custom documentation plugin(s)
2022-12-20 11:53:28.905  INFO 13448 --- [main] s.d.s.w.s.ApiListingReferenceScanner     : Scanning for api listing references
2022-12-20 11:53:29.164  INFO 13448 --- [main] o.s.b.w.embedded.tomcat.TomcatWebServer  : Tomcat started on port(s): 8080 (http) with context path ''
2022-12-20 11:53:29.167  INFO 13448 --- [main] .d.c.e.SpringBootCrudExample2Application : Started SpringBootCrudExample2Application in 5.873 seconds (JVM running for 6.936)
2022-12-20 11:54:15.002  INFO 13448 --- [http-nio-8080-exec-1] o.a.c.c.C.[Tomcat].[localhost].[/]       : Initializing Spring DispatcherServlet 'dispatcherServlet'
2022-12-20 11:54:15.002  INFO 13448 --- [http-nio-8080-exec-1] o.s.web.servlet.DispatcherServlet        : Initializing Servlet 'dispatcherServlet'
2022-12-20 11:54:15.012  INFO 13448 --- [http-nio-8080-exec-1] o.s.web.servlet.DispatcherServlet        : Completed initialization in 10 ms
2022-12-20 11:54:15.064  INFO 13448 --- [http-nio-8080-exec-1] c.d.c.e.controller.ProductController     : From class name: ProductController, user accesing getProducts method to get all products
2022-12-20 11:55:05.713  INFO 13448 --- [RMI TCP Connection(4)-127.0.0.1] inMXBeanRegistrar$SpringApplicationAdmin : Application shutdown requested.
2022-12-20 11:55:05.716  INFO 13448 --- [RMI TCP Connection(4)-127.0.0.1] o.s.s.concurrent.ThreadPoolTaskExecutor  : Shutting down ExecutorService 'applicationTaskExecutor'
2022-12-20 11:55:05.719  INFO 13448 --- [RMI TCP Connection(4)-127.0.0.1] j.LocalContainerEntityManagerFactoryBean : Closing JPA EntityManagerFactory for persistence unit 'default'
2022-12-20 11:55:05.722  INFO 13448 --- [RMI TCP Connection(4)-127.0.0.1] com.zaxxer.hikari.HikariDataSource       : HikariPool-1 - Shutdown initiated...
2022-12-20 11:55:05.739  INFO 13448 --- [RMI TCP Connection(4)-127.0.0.1] com.zaxxer.hikari.HikariDataSource       : HikariPool-1 - Shutdown completed.
